TN:
SF:functions/isPalindrome.js
FN:1,isPalindrome
FNF:1
FNH:1
FNDA:2,isPalindrome
DA:2,2
DA:3,2
DA:5,1
LF:3
LH:3
BRF:0
BRH:0
end_of_record
TN:
SF:functions/reverseString.js
FN:1,reverseString
FNF:1
FNH:1
FNDA:1,reverseString
DA:2,1
DA:5,1
LF:2
LH:2
BRF:0
BRH:0
end_of_record
TN:
SF:functions/shallowObjClone.js
FN:1,shallowObjClone
FNF:1
FNH:1
FNDA:1,shallowObjClone
DA:2,1
DA:4,1
LF:2
LH:2
BRF:0
BRH:0
end_of_record
TN:
SF:functions/sum.js
FN:1,sum
FNF:1
FNH:1
FNDA:1,sum
DA:2,1
DA:4,1
LF:2
LH:2
BRF:0
BRH:0
end_of_record
